{"/Users/ravikumar/Documents/Development/ReactJS/shoping-cart/src/App.js": {"path":"/Users/ravikumar/Documents/Development/ReactJS/shoping-cart/src/App.js","statementMap":{"0":{"start":{"line":18,"column":19},"end":{"line":18,"column":32}},"1":{"start":{"line":19,"column":19},"end":{"line":19,"column":68}},"2":{"start":{"line":19,"column":40},"end":{"line":19,"column":67}},"3":{"start":{"line":20,"column":17},"end":{"line":20,"column":53}},"4":{"start":{"line":20,"column":38},"end":{"line":20,"column":52}},"5":{"start":{"line":21,"column":2},"end":{"line":23,"column":9}},"6":{"start":{"line":22,"column":4},"end":{"line":22,"column":36}},"7":{"start":{"line":25,"column":2},"end":{"line":33,"column":17}},"8":{"start":{"line":26,"column":4},"end":{"line":31,"column":5}},"9":{"start":{"line":27,"column":6},"end":{"line":30,"column":7}},"10":{"start":{"line":27,"column":19},"end":{"line":27,"column":20}},"11":{"start":{"line":28,"column":25},"end":{"line":28,"column":38}},"12":{"start":{"line":29,"column":8},"end":{"line":29,"column":53}},"13":{"start":{"line":36,"column":2},"end":{"line":57,"column":4}},"14":{"start":{"line":42,"column":10},"end":{"line":42,"column":60}}},"fnMap":{"0":{"name":"App","decl":{"start":{"line":16,"column":9},"end":{"line":16,"column":12}},"loc":{"start":{"line":16,"column":15},"end":{"line":58,"column":1}},"line":16},"1":{"name":"(anonymous_1)","decl":{"start":{"line":19,"column":31},"end":{"line":19,"column":32}},"loc":{"start":{"line":19,"column":40},"end":{"line":19,"column":67}},"line":19},"2":{"name":"(anonymous_2)","decl":{"start":{"line":20,"column":29},"end":{"line":20,"column":30}},"loc":{"start":{"line":20,"column":38},"end":{"line":20,"column":52}},"line":20},"3":{"name":"(anonymous_3)","decl":{"start":{"line":21,"column":12},"end":{"line":21,"column":13}},"loc":{"start":{"line":21,"column":18},"end":{"line":23,"column":3}},"line":21},"4":{"name":"(anonymous_4)","decl":{"start":{"line":25,"column":12},"end":{"line":25,"column":13}},"loc":{"start":{"line":25,"column":18},"end":{"line":33,"column":3}},"line":25},"5":{"name":"(anonymous_5)","decl":{"start":{"line":39,"column":15},"end":{"line":39,"column":16}},"loc":{"start":{"line":39,"column":37},"end":{"line":40,"column":7}},"line":39},"6":{"name":"(anonymous_6)","decl":{"start":{"line":41,"column":15},"end":{"line":41,"column":16}},"loc":{"start":{"line":41,"column":21},"end":{"line":43,"column":7}},"line":41}},"branchMap":{"0":{"loc":{"start":{"line":26,"column":4},"end":{"line":31,"column":5}},"type":"if","locations":[{"start":{"line":26,"column":4},"end":{"line":31,"column":5}},{"start":{},"end":{}}],"line":26}},"s":{"0":3,"1":2,"2":4,"3":2,"4":4,"5":2,"6":1,"7":2,"8":1,"9":1,"10":1,"11":20,"12":20,"13":2,"14":0},"f":{"0":3,"1":4,"2":4,"3":1,"4":1,"5":1,"6":0},"b":{"0":[1,0]},"_coverageSchema":"1a1c01bbd47fc00a2c39e90264f33305004495a9","hash":"b63b37701376ac66970ec9a9d202c6dfbcf9e58c"}
,"/Users/ravikumar/Documents/Development/ReactJS/shoping-cart/src/index.js": {"path":"/Users/ravikumar/Documents/Development/ReactJS/shoping-cart/src/index.js","statementMap":{"0":{"start":{"line":16,"column":0},"end":{"line":16,"column":55}},"1":{"start":{"line":17,"column":0},"end":{"line":17,"column":38}},"2":{"start":{"line":19,"column":23},"end":{"line":19,"column":45}},"3":{"start":{"line":20,"column":14},"end":{"line":20,"column":67}},"4":{"start":{"line":22,"column":0},"end":{"line":22,"column":28}},"5":{"start":{"line":24,"column":13},"end":{"line":24,"column":65}},"6":{"start":{"line":28,"column":0},"end":{"line":32,"column":2}}},"fnMap":{},"branchMap":{},"s":{"0":0,"1":0,"2":0,"3":0,"4":0,"5":0,"6":0},"f":{},"b":{}}
,"/Users/ravikumar/Documents/Development/ReactJS/shoping-cart/src/webpack.config.js": {"path":"/Users/ravikumar/Documents/Development/ReactJS/shoping-cart/src/webpack.config.js","statementMap":{},"fnMap":{},"branchMap":{},"s":{},"f":{},"b":{}}
,"/Users/ravikumar/Documents/Development/ReactJS/shoping-cart/src/actions/actionTypes.js": {"path":"/Users/ravikumar/Documents/Development/ReactJS/shoping-cart/src/actions/actionTypes.js","statementMap":{"0":{"start":{"line":1,"column":14},"end":{"line":10,"column":1}}},"fnMap":{},"branchMap":{},"s":{"0":11},"f":{},"b":{},"_coverageSchema":"1a1c01bbd47fc00a2c39e90264f33305004495a9","hash":"243620e0b216891ec596a82a3431700231ac9309"}
,"/Users/ravikumar/Documents/Development/ReactJS/shoping-cart/src/actions/categories.js": {"path":"/Users/ravikumar/Documents/Development/ReactJS/shoping-cart/src/actions/categories.js","statementMap":{"0":{"start":{"line":3,"column":36},"end":{"line":7,"column":1}},"1":{"start":{"line":4,"column":4},"end":{"line":6,"column":5}},"2":{"start":{"line":9,"column":36},"end":{"line":16,"column":1}},"3":{"start":{"line":10,"column":4},"end":{"line":15,"column":5}}},"fnMap":{"0":{"name":"(anonymous_0)","decl":{"start":{"line":3,"column":36},"end":{"line":3,"column":37}},"loc":{"start":{"line":3,"column":42},"end":{"line":7,"column":1}},"line":3},"1":{"name":"(anonymous_1)","decl":{"start":{"line":9,"column":36},"end":{"line":9,"column":37}},"loc":{"start":{"line":9,"column":54},"end":{"line":16,"column":1}},"line":9}},"branchMap":{},"s":{"0":2,"1":1,"2":2,"3":0},"f":{"0":1,"1":0},"b":{},"_coverageSchema":"1a1c01bbd47fc00a2c39e90264f33305004495a9","hash":"25639c5b187511505e3e2a90ed39cb5c014c79f2"}
,"/Users/ravikumar/Documents/Development/ReactJS/shoping-cart/src/actions/products.js": {"path":"/Users/ravikumar/Documents/Development/ReactJS/shoping-cart/src/actions/products.js","statementMap":{"0":{"start":{"line":4,"column":41},"end":{"line":11,"column":1}},"1":{"start":{"line":5,"column":4},"end":{"line":10,"column":5}},"2":{"start":{"line":13,"column":41},"end":{"line":21,"column":1}},"3":{"start":{"line":14,"column":4},"end":{"line":20,"column":5}}},"fnMap":{"0":{"name":"(anonymous_0)","decl":{"start":{"line":4,"column":41},"end":{"line":4,"column":42}},"loc":{"start":{"line":4,"column":55},"end":{"line":11,"column":1}},"line":4},"1":{"name":"(anonymous_1)","decl":{"start":{"line":13,"column":41},"end":{"line":13,"column":42}},"loc":{"start":{"line":13,"column":67},"end":{"line":21,"column":1}},"line":13}},"branchMap":{},"s":{"0":1,"1":20,"2":1,"3":0},"f":{"0":20,"1":0},"b":{},"_coverageSchema":"1a1c01bbd47fc00a2c39e90264f33305004495a9","hash":"2ae05e6091e71519b553a3c52c9a8b1c4b34928e"}
,"/Users/ravikumar/Documents/Development/ReactJS/shoping-cart/src/actions/userPreferences.js": {"path":"/Users/ravikumar/Documents/Development/ReactJS/shoping-cart/src/actions/userPreferences.js","statementMap":{"0":{"start":{"line":3,"column":35},"end":{"line":10,"column":1}},"1":{"start":{"line":4,"column":4},"end":{"line":9,"column":5}},"2":{"start":{"line":12,"column":35},"end":{"line":19,"column":1}},"3":{"start":{"line":13,"column":4},"end":{"line":18,"column":5}},"4":{"start":{"line":21,"column":28},"end":{"line":26,"column":1}},"5":{"start":{"line":22,"column":4},"end":{"line":25,"column":5}},"6":{"start":{"line":28,"column":33},"end":{"line":33,"column":1}},"7":{"start":{"line":29,"column":4},"end":{"line":32,"column":5}}},"fnMap":{"0":{"name":"(anonymous_0)","decl":{"start":{"line":3,"column":35},"end":{"line":3,"column":36}},"loc":{"start":{"line":3,"column":49},"end":{"line":10,"column":1}},"line":3},"1":{"name":"(anonymous_1)","decl":{"start":{"line":12,"column":35},"end":{"line":12,"column":36}},"loc":{"start":{"line":12,"column":49},"end":{"line":19,"column":1}},"line":12},"2":{"name":"(anonymous_2)","decl":{"start":{"line":21,"column":28},"end":{"line":21,"column":29}},"loc":{"start":{"line":21,"column":41},"end":{"line":26,"column":1}},"line":21},"3":{"name":"(anonymous_3)","decl":{"start":{"line":28,"column":33},"end":{"line":28,"column":34}},"loc":{"start":{"line":28,"column":46},"end":{"line":33,"column":1}},"line":28}},"branchMap":{},"s":{"0":9,"1":2,"2":9,"3":2,"4":9,"5":2,"6":9,"7":3},"f":{"0":2,"1":2,"2":2,"3":3},"b":{},"_coverageSchema":"1a1c01bbd47fc00a2c39e90264f33305004495a9","hash":"9bf7d0bfe2eeb9b1169a416d5212ca4a5c4b4a22"}
,"/Users/ravikumar/Documents/Development/ReactJS/shoping-cart/src/apis/categories.js": {"path":"/Users/ravikumar/Documents/Development/ReactJS/shoping-cart/src/apis/categories.js","statementMap":{"0":{"start":{"line":3,"column":29},"end":{"line":5,"column":1}},"1":{"start":{"line":4,"column":4},"end":{"line":4,"column":44}}},"fnMap":{"0":{"name":"(anonymous_0)","decl":{"start":{"line":3,"column":29},"end":{"line":3,"column":30}},"loc":{"start":{"line":3,"column":35},"end":{"line":5,"column":1}},"line":3}},"branchMap":{},"s":{"0":0,"1":0},"f":{"0":0},"b":{}}
,"/Users/ravikumar/Documents/Development/ReactJS/shoping-cart/src/apis/products.js": {"path":"/Users/ravikumar/Documents/Development/ReactJS/shoping-cart/src/apis/products.js","statementMap":{"0":{"start":{"line":3,"column":35},"end":{"line":6,"column":1}},"1":{"start":{"line":4,"column":16},"end":{"line":4,"column":54}},"2":{"start":{"line":5,"column":4},"end":{"line":5,"column":25}}},"fnMap":{"0":{"name":"(anonymous_0)","decl":{"start":{"line":3,"column":35},"end":{"line":3,"column":36}},"loc":{"start":{"line":3,"column":49},"end":{"line":6,"column":1}},"line":3}},"branchMap":{},"s":{"0":0,"1":0,"2":0},"f":{"0":0},"b":{}}
,"/Users/ravikumar/Documents/Development/ReactJS/shoping-cart/src/components/Cart.js": {"path":"/Users/ravikumar/Documents/Development/ReactJS/shoping-cart/src/components/Cart.js","statementMap":{"0":{"start":{"line":5,"column":13},"end":{"line":18,"column":1}},"1":{"start":{"line":7,"column":15},"end":{"line":7,"column":63}},"2":{"start":{"line":7,"column":36},"end":{"line":7,"column":62}},"3":{"start":{"line":8,"column":21},"end":{"line":8,"column":63}},"4":{"start":{"line":8,"column":39},"end":{"line":8,"column":62}},"5":{"start":{"line":9,"column":19},"end":{"line":11,"column":7}},"6":{"start":{"line":10,"column":8},"end":{"line":10,"column":64}},"7":{"start":{"line":13,"column":4},"end":{"line":17,"column":5}}},"fnMap":{"0":{"name":"(anonymous_0)","decl":{"start":{"line":5,"column":13},"end":{"line":5,"column":14}},"loc":{"start":{"line":5,"column":19},"end":{"line":18,"column":1}},"line":5},"1":{"name":"(anonymous_1)","decl":{"start":{"line":7,"column":27},"end":{"line":7,"column":28}},"loc":{"start":{"line":7,"column":36},"end":{"line":7,"column":62}},"line":7},"2":{"name":"(anonymous_2)","decl":{"start":{"line":8,"column":31},"end":{"line":8,"column":32}},"loc":{"start":{"line":8,"column":39},"end":{"line":8,"column":62}},"line":8},"3":{"name":"(anonymous_3)","decl":{"start":{"line":9,"column":34},"end":{"line":9,"column":35}},"loc":{"start":{"line":9,"column":42},"end":{"line":11,"column":5}},"line":9}},"branchMap":{},"s":{"0":2,"1":1,"2":2,"3":1,"4":1,"5":1,"6":2,"7":1},"f":{"0":1,"1":2,"2":1,"3":2},"b":{},"_coverageSchema":"1a1c01bbd47fc00a2c39e90264f33305004495a9","hash":"5aacff2cb03e3f34094128e65ca40070844063e0"}
,"/Users/ravikumar/Documents/Development/ReactJS/shoping-cart/src/components/Categories.js": {"path":"/Users/ravikumar/Documents/Development/ReactJS/shoping-cart/src/components/Categories.js","statementMap":{"0":{"start":{"line":9,"column":19},"end":{"line":42,"column":1}},"1":{"start":{"line":11,"column":21},"end":{"line":11,"column":34}},"2":{"start":{"line":12,"column":21},"end":{"line":12,"column":34}},"3":{"start":{"line":14,"column":21},"end":{"line":14,"column":59}},"4":{"start":{"line":14,"column":42},"end":{"line":14,"column":58}},"5":{"start":{"line":15,"column":4},"end":{"line":17,"column":5}},"6":{"start":{"line":16,"column":7},"end":{"line":16,"column":13}},"7":{"start":{"line":19,"column":28},"end":{"line":23,"column":5}},"8":{"start":{"line":20,"column":25},"end":{"line":20,"column":64}},"9":{"start":{"line":21,"column":8},"end":{"line":21,"column":56}},"10":{"start":{"line":22,"column":8},"end":{"line":22,"column":40}},"11":{"start":{"line":25,"column":23},"end":{"line":27,"column":7}},"12":{"start":{"line":26,"column":8},"end":{"line":26,"column":195}},"13":{"start":{"line":29,"column":4},"end":{"line":41,"column":5}}},"fnMap":{"0":{"name":"(anonymous_0)","decl":{"start":{"line":9,"column":19},"end":{"line":9,"column":20}},"loc":{"start":{"line":9,"column":25},"end":{"line":42,"column":1}},"line":9},"1":{"name":"(anonymous_1)","decl":{"start":{"line":14,"column":33},"end":{"line":14,"column":34}},"loc":{"start":{"line":14,"column":42},"end":{"line":14,"column":58}},"line":14},"2":{"name":"(anonymous_2)","decl":{"start":{"line":19,"column":28},"end":{"line":19,"column":29}},"loc":{"start":{"line":19,"column":39},"end":{"line":23,"column":5}},"line":19},"3":{"name":"(anonymous_3)","decl":{"start":{"line":25,"column":49},"end":{"line":25,"column":50}},"loc":{"start":{"line":25,"column":61},"end":{"line":27,"column":5}},"line":25}},"branchMap":{"0":{"loc":{"start":{"line":15,"column":4},"end":{"line":17,"column":5}},"type":"if","locations":[{"start":{"line":15,"column":4},"end":{"line":17,"column":5}},{"start":{},"end":{}}],"line":15}},"s":{"0":3,"1":5,"2":5,"3":5,"4":8,"5":5,"6":1,"7":4,"8":2,"9":2,"10":2,"11":4,"12":80,"13":4},"f":{"0":5,"1":8,"2":2,"3":80},"b":{"0":[1,4]},"_coverageSchema":"1a1c01bbd47fc00a2c39e90264f33305004495a9","hash":"9c561682c7d0f61cec4ae94bd035bc2fbef4d318"}
,"/Users/ravikumar/Documents/Development/ReactJS/shoping-cart/src/components/Connect.js": {"path":"/Users/ravikumar/Documents/Development/ReactJS/shoping-cart/src/components/Connect.js","statementMap":{"0":{"start":{"line":2,"column":16},"end":{"line":54,"column":1}},"1":{"start":{"line":3,"column":4},"end":{"line":53,"column":5}}},"fnMap":{"0":{"name":"(anonymous_0)","decl":{"start":{"line":2,"column":16},"end":{"line":2,"column":17}},"loc":{"start":{"line":2,"column":22},"end":{"line":54,"column":1}},"line":2}},"branchMap":{},"s":{"0":3,"1":2},"f":{"0":2},"b":{},"_coverageSchema":"1a1c01bbd47fc00a2c39e90264f33305004495a9","hash":"7d4d99ef6541c5a14cb9f8aca186cb6514d4655f"}
,"/Users/ravikumar/Documents/Development/ReactJS/shoping-cart/src/components/ErrorFallback.js": {"path":"/Users/ravikumar/Documents/Development/ReactJS/shoping-cart/src/components/ErrorFallback.js","statementMap":{"0":{"start":{"line":4,"column":22},"end":{"line":12,"column":1}},"1":{"start":{"line":5,"column":2},"end":{"line":11,"column":3}}},"fnMap":{"0":{"name":"(anonymous_0)","decl":{"start":{"line":4,"column":22},"end":{"line":4,"column":23}},"loc":{"start":{"line":4,"column":55},"end":{"line":12,"column":1}},"line":4}},"branchMap":{},"s":{"0":1,"1":2},"f":{"0":2},"b":{},"_coverageSchema":"1a1c01bbd47fc00a2c39e90264f33305004495a9","hash":"5ced8e2fcb5eb6fac4528401232544c7fb369549"}
,"/Users/ravikumar/Documents/Development/ReactJS/shoping-cart/src/components/FeaturedCategoryProducts.js": {"path":"/Users/ravikumar/Documents/Development/ReactJS/shoping-cart/src/components/FeaturedCategoryProducts.js","statementMap":{"0":{"start":{"line":4,"column":33},"end":{"line":22,"column":1}},"1":{"start":{"line":6,"column":21},"end":{"line":6,"column":59}},"2":{"start":{"line":6,"column":42},"end":{"line":6,"column":58}},"3":{"start":{"line":7,"column":19},"end":{"line":7,"column":55}},"4":{"start":{"line":7,"column":40},"end":{"line":7,"column":54}},"5":{"start":{"line":8,"column":4},"end":{"line":10,"column":5}},"6":{"start":{"line":9,"column":7},"end":{"line":9,"column":13}},"7":{"start":{"line":12,"column":29},"end":{"line":12,"column":128}},"8":{"start":{"line":13,"column":26},"end":{"line":13,"column":28}},"9":{"start":{"line":14,"column":23},"end":{"line":16,"column":7}},"10":{"start":{"line":15,"column":6},"end":{"line":15,"column":67}},"11":{"start":{"line":17,"column":4},"end":{"line":21,"column":5}}},"fnMap":{"0":{"name":"(anonymous_0)","decl":{"start":{"line":4,"column":33},"end":{"line":4,"column":34}},"loc":{"start":{"line":4,"column":39},"end":{"line":22,"column":1}},"line":4},"1":{"name":"(anonymous_1)","decl":{"start":{"line":6,"column":33},"end":{"line":6,"column":34}},"loc":{"start":{"line":6,"column":42},"end":{"line":6,"column":58}},"line":6},"2":{"name":"(anonymous_2)","decl":{"start":{"line":7,"column":31},"end":{"line":7,"column":32}},"loc":{"start":{"line":7,"column":40},"end":{"line":7,"column":54}},"line":7},"3":{"name":"(anonymous_3)","decl":{"start":{"line":14,"column":46},"end":{"line":14,"column":47}},"loc":{"start":{"line":14,"column":58},"end":{"line":16,"column":5}},"line":14}},"branchMap":{"0":{"loc":{"start":{"line":8,"column":4},"end":{"line":10,"column":5}},"type":"if","locations":[{"start":{"line":8,"column":4},"end":{"line":10,"column":5}},{"start":{},"end":{}}],"line":8},"1":{"loc":{"start":{"line":12,"column":59},"end":{"line":12,"column":126}},"type":"cond-expr","locations":[{"start":{"line":12,"column":94},"end":{"line":12,"column":95}},{"start":{"line":12,"column":98},"end":{"line":12,"column":126}}],"line":12}},"s":{"0":3,"1":3,"2":6,"3":3,"4":6,"5":3,"6":1,"7":2,"8":2,"9":2,"10":4,"11":2},"f":{"0":3,"1":6,"2":6,"3":4},"b":{"0":[1,2],"1":[1,1]},"_coverageSchema":"1a1c01bbd47fc00a2c39e90264f33305004495a9","hash":"0d65f64fb9e9226592a03482066c4076f2bf16f7"}
,"/Users/ravikumar/Documents/Development/ReactJS/shoping-cart/src/components/FeaturedProduct.js": {"path":"/Users/ravikumar/Documents/Development/ReactJS/shoping-cart/src/components/FeaturedProduct.js","statementMap":{"0":{"start":{"line":10,"column":24},"end":{"line":103,"column":1}},"1":{"start":{"line":12,"column":21},"end":{"line":12,"column":34}},"2":{"start":{"line":13,"column":21},"end":{"line":13,"column":34}},"3":{"start":{"line":14,"column":29},"end":{"line":14,"column":54}},"4":{"start":{"line":15,"column":19},"end":{"line":15,"column":68}},"5":{"start":{"line":15,"column":40},"end":{"line":15,"column":54}},"6":{"start":{"line":16,"column":15},"end":{"line":16,"column":76}},"7":{"start":{"line":16,"column":36},"end":{"line":16,"column":62}},"8":{"start":{"line":18,"column":4},"end":{"line":20,"column":6}},"9":{"start":{"line":19,"column":8},"end":{"line":19,"column":14}},"10":{"start":{"line":22,"column":29},"end":{"line":32,"column":5}},"11":{"start":{"line":23,"column":8},"end":{"line":23,"column":30}},"12":{"start":{"line":25,"column":26},"end":{"line":25,"column":65}},"13":{"start":{"line":26,"column":25},"end":{"line":26,"column":49}},"14":{"start":{"line":27,"column":8},"end":{"line":31,"column":9}},"15":{"start":{"line":28,"column":12},"end":{"line":28,"column":93}},"16":{"start":{"line":30,"column":12},"end":{"line":30,"column":97}},"17":{"start":{"line":35,"column":26},"end":{"line":43,"column":5}},"18":{"start":{"line":36,"column":20},"end":{"line":41,"column":10}},"19":{"start":{"line":37,"column":12},"end":{"line":39,"column":13}},"20":{"start":{"line":38,"column":16},"end":{"line":38,"column":27}},"21":{"start":{"line":40,"column":12},"end":{"line":40,"column":24}},"22":{"start":{"line":42,"column":8},"end":{"line":42,"column":18}},"23":{"start":{"line":45,"column":27},"end":{"line":45,"column":45}},"24":{"start":{"line":46,"column":4},"end":{"line":48,"column":5}},"25":{"start":{"line":47,"column":8},"end":{"line":47,"column":14}},"26":{"start":{"line":49,"column":22},"end":{"line":78,"column":6}},"27":{"start":{"line":50,"column":6},"end":{"line":77,"column":7}},"28":{"start":{"line":80,"column":4},"end":{"line":102,"column":5}}},"fnMap":{"0":{"name":"(anonymous_0)","decl":{"start":{"line":10,"column":24},"end":{"line":10,"column":25}},"loc":{"start":{"line":10,"column":40},"end":{"line":103,"column":1}},"line":10},"1":{"name":"(anonymous_1)","decl":{"start":{"line":15,"column":31},"end":{"line":15,"column":32}},"loc":{"start":{"line":15,"column":40},"end":{"line":15,"column":54}},"line":15},"2":{"name":"(anonymous_2)","decl":{"start":{"line":16,"column":27},"end":{"line":16,"column":28}},"loc":{"start":{"line":16,"column":36},"end":{"line":16,"column":62}},"line":16},"3":{"name":"(anonymous_3)","decl":{"start":{"line":22,"column":29},"end":{"line":22,"column":30}},"loc":{"start":{"line":22,"column":40},"end":{"line":32,"column":5}},"line":22},"4":{"name":"(anonymous_4)","decl":{"start":{"line":35,"column":26},"end":{"line":35,"column":27}},"loc":{"start":{"line":35,"column":41},"end":{"line":43,"column":5}},"line":35},"5":{"name":"(anonymous_5)","decl":{"start":{"line":36,"column":30},"end":{"line":36,"column":31}},"loc":{"start":{"line":36,"column":38},"end":{"line":41,"column":9}},"line":36},"6":{"name":"(anonymous_6)","decl":{"start":{"line":49,"column":45},"end":{"line":49,"column":46}},"loc":{"start":{"line":49,"column":56},"end":{"line":78,"column":5}},"line":49}},"branchMap":{"0":{"loc":{"start":{"line":18,"column":4},"end":{"line":20,"column":6}},"type":"if","locations":[{"start":{"line":18,"column":4},"end":{"line":20,"column":6}},{"start":{},"end":{}}],"line":18},"1":{"loc":{"start":{"line":27,"column":8},"end":{"line":31,"column":9}},"type":"if","locations":[{"start":{"line":27,"column":8},"end":{"line":31,"column":9}},{"start":{"line":29,"column":13},"end":{"line":31,"column":9}}],"line":27},"2":{"loc":{"start":{"line":37,"column":12},"end":{"line":39,"column":13}},"type":"if","locations":[{"start":{"line":37,"column":12},"end":{"line":39,"column":13}},{"start":{},"end":{}}],"line":37},"3":{"loc":{"start":{"line":37,"column":15},"end":{"line":37,"column":71}},"type":"binary-expr","locations":[{"start":{"line":37,"column":15},"end":{"line":37,"column":42}},{"start":{"line":37,"column":46},"end":{"line":37,"column":71}}],"line":37},"4":{"loc":{"start":{"line":46,"column":4},"end":{"line":48,"column":5}},"type":"if","locations":[{"start":{"line":46,"column":4},"end":{"line":48,"column":5}},{"start":{},"end":{}}],"line":46},"5":{"loc":{"start":{"line":58,"column":125},"end":{"line":58,"column":208}},"type":"cond-expr","locations":[{"start":{"line":58,"column":153},"end":{"line":58,"column":184}},{"start":{"line":58,"column":187},"end":{"line":58,"column":208}}],"line":58},"6":{"loc":{"start":{"line":86,"column":53},"end":{"line":86,"column":105}},"type":"cond-expr","locations":[{"start":{"line":86,"column":85},"end":{"line":86,"column":93}},{"start":{"line":86,"column":96},"end":{"line":86,"column":105}}],"line":86},"7":{"loc":{"start":{"line":87,"column":31},"end":{"line":87,"column":222}},"type":"cond-expr","locations":[{"start":{"line":87,"column":63},"end":{"line":87,"column":139}},{"start":{"line":87,"column":142},"end":{"line":87,"column":222}}],"line":87}},"s":{"0":5,"1":7,"2":7,"3":7,"4":7,"5":14,"6":7,"7":14,"8":7,"9":1,"10":6,"11":2,"12":2,"13":2,"14":2,"15":1,"16":1,"17":6,"18":15,"19":26,"20":6,"21":20,"22":15,"23":6,"24":6,"25":1,"26":5,"27":13,"28":5},"f":{"0":7,"1":14,"2":14,"3":2,"4":15,"5":26,"6":13},"b":{"0":[1,6],"1":[1,1],"2":[6,20],"3":[26,7],"4":[1,5],"5":[5,8],"6":[1,4],"7":[1,4]},"_coverageSchema":"1a1c01bbd47fc00a2c39e90264f33305004495a9","hash":"a6c0c6a4862e2d6bb2e8e3bc6ad612bc67cace77"}
,"/Users/ravikumar/Documents/Development/ReactJS/shoping-cart/src/components/Header.js": {"path":"/Users/ravikumar/Documents/Development/ReactJS/shoping-cart/src/components/Header.js","statementMap":{"0":{"start":{"line":15,"column":15},"end":{"line":96,"column":1}},"1":{"start":{"line":17,"column":21},"end":{"line":17,"column":34}},"2":{"start":{"line":20,"column":21},"end":{"line":20,"column":70}},"3":{"start":{"line":20,"column":42},"end":{"line":20,"column":69}},"4":{"start":{"line":21,"column":15},"end":{"line":21,"column":63}},"5":{"start":{"line":21,"column":36},"end":{"line":21,"column":62}},"6":{"start":{"line":22,"column":40},"end":{"line":22,"column":56}},"7":{"start":{"line":23,"column":29},"end":{"line":23,"column":54}},"8":{"start":{"line":24,"column":21},"end":{"line":24,"column":34}},"9":{"start":{"line":25,"column":29},"end":{"line":25,"column":95}},"10":{"start":{"line":26,"column":23},"end":{"line":28,"column":7}},"11":{"start":{"line":27,"column":8},"end":{"line":27,"column":113}},"12":{"start":{"line":30,"column":34},"end":{"line":34,"column":5}},"13":{"start":{"line":31,"column":32},"end":{"line":31,"column":71}},"14":{"start":{"line":32,"column":28},"end":{"line":32,"column":79}},"15":{"start":{"line":33,"column":8},"end":{"line":33,"column":58}},"16":{"start":{"line":36,"column":24},"end":{"line":42,"column":5}},"17":{"start":{"line":37,"column":8},"end":{"line":41,"column":9}},"18":{"start":{"line":38,"column":12},"end":{"line":38,"column":29}},"19":{"start":{"line":40,"column":12},"end":{"line":40,"column":25}},"20":{"start":{"line":44,"column":22},"end":{"line":49,"column":5}},"21":{"start":{"line":45,"column":20},"end":{"line":47,"column":12}},"22":{"start":{"line":46,"column":12},"end":{"line":46,"column":51}},"23":{"start":{"line":48,"column":8},"end":{"line":48,"column":20}},"24":{"start":{"line":52,"column":24},"end":{"line":54,"column":5}},"25":{"start":{"line":53,"column":8},"end":{"line":53,"column":77}},"26":{"start":{"line":56,"column":4},"end":{"line":95,"column":5}}},"fnMap":{"0":{"name":"(anonymous_0)","decl":{"start":{"line":15,"column":15},"end":{"line":15,"column":16}},"loc":{"start":{"line":15,"column":21},"end":{"line":96,"column":1}},"line":15},"1":{"name":"(anonymous_1)","decl":{"start":{"line":20,"column":33},"end":{"line":20,"column":34}},"loc":{"start":{"line":20,"column":42},"end":{"line":20,"column":69}},"line":20},"2":{"name":"(anonymous_2)","decl":{"start":{"line":21,"column":27},"end":{"line":21,"column":28}},"loc":{"start":{"line":21,"column":36},"end":{"line":21,"column":62}},"line":21},"3":{"name":"(anonymous_3)","decl":{"start":{"line":26,"column":46},"end":{"line":26,"column":47}},"loc":{"start":{"line":26,"column":58},"end":{"line":28,"column":5}},"line":26},"4":{"name":"(anonymous_4)","decl":{"start":{"line":30,"column":34},"end":{"line":30,"column":35}},"loc":{"start":{"line":30,"column":45},"end":{"line":34,"column":5}},"line":30},"5":{"name":"(anonymous_5)","decl":{"start":{"line":36,"column":24},"end":{"line":36,"column":25}},"loc":{"start":{"line":36,"column":35},"end":{"line":42,"column":5}},"line":36},"6":{"name":"(anonymous_6)","decl":{"start":{"line":44,"column":22},"end":{"line":44,"column":23}},"loc":{"start":{"line":44,"column":28},"end":{"line":49,"column":5}},"line":44},"7":{"name":"(anonymous_7)","decl":{"start":{"line":45,"column":32},"end":{"line":45,"column":33}},"loc":{"start":{"line":45,"column":67},"end":{"line":47,"column":9}},"line":45},"8":{"name":"(anonymous_8)","decl":{"start":{"line":52,"column":24},"end":{"line":52,"column":25}},"loc":{"start":{"line":52,"column":30},"end":{"line":54,"column":5}},"line":52}},"branchMap":{"0":{"loc":{"start":{"line":25,"column":48},"end":{"line":25,"column":93}},"type":"cond-expr","locations":[{"start":{"line":25,"column":72},"end":{"line":25,"column":73}},{"start":{"line":25,"column":76},"end":{"line":25,"column":93}}],"line":25},"1":{"loc":{"start":{"line":32,"column":28},"end":{"line":32,"column":79}},"type":"cond-expr","locations":[{"start":{"line":32,"column":59},"end":{"line":32,"column":67}},{"start":{"line":32,"column":70},"end":{"line":32,"column":79}}],"line":32},"2":{"loc":{"start":{"line":37,"column":8},"end":{"line":41,"column":9}},"type":"if","locations":[{"start":{"line":37,"column":8},"end":{"line":41,"column":9}},{"start":{"line":39,"column":13},"end":{"line":41,"column":9}}],"line":37},"3":{"loc":{"start":{"line":45,"column":33},"end":{"line":45,"column":48}},"type":"default-arg","locations":[{"start":{"line":45,"column":47},"end":{"line":45,"column":48}}],"line":45},"4":{"loc":{"start":{"line":53,"column":8},"end":{"line":53,"column":77}},"type":"cond-expr","locations":[{"start":{"line":53,"column":31},"end":{"line":53,"column":53}},{"start":{"line":53,"column":56},"end":{"line":53,"column":77}}],"line":53},"5":{"loc":{"start":{"line":62,"column":21},"end":{"line":62,"column":86}},"type":"cond-expr","locations":[{"start":{"line":62,"column":53},"end":{"line":62,"column":65}},{"start":{"line":62,"column":68},"end":{"line":62,"column":86}}],"line":62},"6":{"loc":{"start":{"line":64,"column":87},"end":{"line":64,"column":156}},"type":"cond-expr","locations":[{"start":{"line":64,"column":119},"end":{"line":64,"column":133}},{"start":{"line":64,"column":136},"end":{"line":64,"column":156}}],"line":64},"7":{"loc":{"start":{"line":84,"column":177},"end":{"line":84,"column":221}},"type":"cond-expr","locations":[{"start":{"line":84,"column":196},"end":{"line":84,"column":207}},{"start":{"line":84,"column":210},"end":{"line":84,"column":221}}],"line":84}},"s":{"0":2,"1":9,"2":8,"3":11,"4":8,"5":11,"6":8,"7":8,"8":8,"9":8,"10":8,"11":24,"12":8,"13":2,"14":2,"15":2,"16":8,"17":3,"18":2,"19":1,"20":8,"21":4,"22":4,"23":4,"24":8,"25":1,"26":8},"f":{"0":9,"1":11,"2":11,"3":24,"4":2,"5":3,"6":4,"7":4,"8":1},"b":{"0":[6,2],"1":[1,1],"2":[2,1],"3":[0],"4":[1,0],"5":[4,4],"6":[4,4],"7":[4,4]},"_coverageSchema":"1a1c01bbd47fc00a2c39e90264f33305004495a9","hash":"2b20707a2dd168241be8ef3ea0c478fc03f2d497"}
,"/Users/ravikumar/Documents/Development/ReactJS/shoping-cart/src/components/Home.js": {"path":"/Users/ravikumar/Documents/Development/ReactJS/shoping-cart/src/components/Home.js","statementMap":{"0":{"start":{"line":9,"column":13},"end":{"line":22,"column":1}},"1":{"start":{"line":11,"column":21},"end":{"line":11,"column":59}},"2":{"start":{"line":11,"column":42},"end":{"line":11,"column":58}},"3":{"start":{"line":12,"column":4},"end":{"line":14,"column":5}},"4":{"start":{"line":13,"column":7},"end":{"line":13,"column":13}},"5":{"start":{"line":15,"column":4},"end":{"line":21,"column":5}}},"fnMap":{"0":{"name":"(anonymous_0)","decl":{"start":{"line":9,"column":13},"end":{"line":9,"column":14}},"loc":{"start":{"line":9,"column":19},"end":{"line":22,"column":1}},"line":9},"1":{"name":"(anonymous_1)","decl":{"start":{"line":11,"column":33},"end":{"line":11,"column":34}},"loc":{"start":{"line":11,"column":42},"end":{"line":11,"column":58}},"line":11}},"branchMap":{"0":{"loc":{"start":{"line":12,"column":4},"end":{"line":14,"column":5}},"type":"if","locations":[{"start":{"line":12,"column":4},"end":{"line":14,"column":5}},{"start":{},"end":{}}],"line":12}},"s":{"0":2,"1":2,"2":4,"3":2,"4":1,"5":1},"f":{"0":2,"1":4},"b":{"0":[1,1]},"_coverageSchema":"1a1c01bbd47fc00a2c39e90264f33305004495a9","hash":"913318baf390234e00a351aadefb8582a9b7ac9b"}
,"/Users/ravikumar/Documents/Development/ReactJS/shoping-cart/src/components/Item.js": {"path":"/Users/ravikumar/Documents/Development/ReactJS/shoping-cart/src/components/Item.js","statementMap":{},"fnMap":{},"branchMap":{},"s":{},"f":{},"b":{}}
,"/Users/ravikumar/Documents/Development/ReactJS/shoping-cart/src/components/ProductDetail.js": {"path":"/Users/ravikumar/Documents/Development/ReactJS/shoping-cart/src/components/ProductDetail.js","statementMap":{"0":{"start":{"line":7,"column":22},"end":{"line":141,"column":1}},"1":{"start":{"line":9,"column":38},"end":{"line":9,"column":53}},"2":{"start":{"line":10,"column":40},"end":{"line":10,"column":56}},"3":{"start":{"line":11,"column":46},"end":{"line":11,"column":62}},"4":{"start":{"line":13,"column":21},"end":{"line":13,"column":34}},"5":{"start":{"line":14,"column":29},"end":{"line":14,"column":54}},"6":{"start":{"line":16,"column":19},"end":{"line":16,"column":55}},"7":{"start":{"line":16,"column":40},"end":{"line":16,"column":54}},"8":{"start":{"line":17,"column":27},"end":{"line":17,"column":45}},"9":{"start":{"line":20,"column":4},"end":{"line":22,"column":5}},"10":{"start":{"line":21,"column":8},"end":{"line":21,"column":14}},"11":{"start":{"line":24,"column":23},"end":{"line":26,"column":6}},"12":{"start":{"line":25,"column":8},"end":{"line":25,"column":38}},"13":{"start":{"line":27,"column":66},"end":{"line":27,"column":81}},"14":{"start":{"line":31,"column":24},"end":{"line":50,"column":5}},"15":{"start":{"line":32,"column":8},"end":{"line":32,"column":30}},"16":{"start":{"line":34,"column":21},"end":{"line":34,"column":62}},"17":{"start":{"line":36,"column":23},"end":{"line":36,"column":47}},"18":{"start":{"line":38,"column":26},"end":{"line":38,"column":65}},"19":{"start":{"line":39,"column":25},"end":{"line":39,"column":65}},"20":{"start":{"line":41,"column":29},"end":{"line":41,"column":49}},"21":{"start":{"line":43,"column":8},"end":{"line":49,"column":9}},"22":{"start":{"line":44,"column":12},"end":{"line":44,"column":46}},"23":{"start":{"line":45,"column":12},"end":{"line":45,"column":93}},"24":{"start":{"line":46,"column":12},"end":{"line":46,"column":116}},"25":{"start":{"line":48,"column":12},"end":{"line":48,"column":43}},"26":{"start":{"line":52,"column":24},"end":{"line":58,"column":5}},"27":{"start":{"line":53,"column":8},"end":{"line":57,"column":9}},"28":{"start":{"line":54,"column":12},"end":{"line":54,"column":90}},"29":{"start":{"line":56,"column":12},"end":{"line":56,"column":81}},"30":{"start":{"line":60,"column":26},"end":{"line":64,"column":5}},"31":{"start":{"line":61,"column":8},"end":{"line":61,"column":30}},"32":{"start":{"line":62,"column":8},"end":{"line":62,"column":89}},"33":{"start":{"line":63,"column":8},"end":{"line":63,"column":21}},"34":{"start":{"line":66,"column":4},"end":{"line":140,"column":5}}},"fnMap":{"0":{"name":"(anonymous_0)","decl":{"start":{"line":7,"column":22},"end":{"line":7,"column":23}},"loc":{"start":{"line":7,"column":56},"end":{"line":141,"column":1}},"line":7},"1":{"name":"(anonymous_1)","decl":{"start":{"line":16,"column":31},"end":{"line":16,"column":32}},"loc":{"start":{"line":16,"column":40},"end":{"line":16,"column":54}},"line":16},"2":{"name":"(anonymous_2)","decl":{"start":{"line":24,"column":47},"end":{"line":24,"column":48}},"loc":{"start":{"line":24,"column":58},"end":{"line":26,"column":5}},"line":24},"3":{"name":"(anonymous_3)","decl":{"start":{"line":31,"column":24},"end":{"line":31,"column":25}},"loc":{"start":{"line":31,"column":35},"end":{"line":50,"column":5}},"line":31},"4":{"name":"(anonymous_4)","decl":{"start":{"line":52,"column":24},"end":{"line":52,"column":25}},"loc":{"start":{"line":52,"column":48},"end":{"line":58,"column":5}},"line":52},"5":{"name":"(anonymous_5)","decl":{"start":{"line":60,"column":26},"end":{"line":60,"column":27}},"loc":{"start":{"line":60,"column":37},"end":{"line":64,"column":5}},"line":60}},"branchMap":{"0":{"loc":{"start":{"line":20,"column":4},"end":{"line":22,"column":5}},"type":"if","locations":[{"start":{"line":20,"column":4},"end":{"line":22,"column":5}},{"start":{},"end":{}}],"line":20},"1":{"loc":{"start":{"line":36,"column":23},"end":{"line":36,"column":47}},"type":"cond-expr","locations":[{"start":{"line":36,"column":40},"end":{"line":36,"column":42}},{"start":{"line":36,"column":45},"end":{"line":36,"column":47}}],"line":36},"2":{"loc":{"start":{"line":43,"column":8},"end":{"line":49,"column":9}},"type":"if","locations":[{"start":{"line":43,"column":8},"end":{"line":49,"column":9}},{"start":{"line":47,"column":13},"end":{"line":49,"column":9}}],"line":43},"3":{"loc":{"start":{"line":43,"column":12},"end":{"line":43,"column":53}},"type":"binary-expr","locations":[{"start":{"line":43,"column":12},"end":{"line":43,"column":28}},{"start":{"line":43,"column":32},"end":{"line":43,"column":53}}],"line":43},"4":{"loc":{"start":{"line":53,"column":8},"end":{"line":57,"column":9}},"type":"if","locations":[{"start":{"line":53,"column":8},"end":{"line":57,"column":9}},{"start":{"line":55,"column":13},"end":{"line":57,"column":9}}],"line":53},"5":{"loc":{"start":{"line":53,"column":11},"end":{"line":53,"column":59}},"type":"binary-expr","locations":[{"start":{"line":53,"column":11},"end":{"line":53,"column":31}},{"start":{"line":53,"column":35},"end":{"line":53,"column":59}}],"line":53},"6":{"loc":{"start":{"line":54,"column":12},"end":{"line":54,"column":90}},"type":"cond-expr","locations":[{"start":{"line":54,"column":38},"end":{"line":54,"column":63}},{"start":{"line":54,"column":66},"end":{"line":54,"column":90}}],"line":54},"7":{"loc":{"start":{"line":56,"column":12},"end":{"line":56,"column":81}},"type":"cond-expr","locations":[{"start":{"line":56,"column":35},"end":{"line":56,"column":57}},{"start":{"line":56,"column":60},"end":{"line":56,"column":81}}],"line":56},"8":{"loc":{"start":{"line":73,"column":21},"end":{"line":73,"column":91}},"type":"cond-expr","locations":[{"start":{"line":73,"column":53},"end":{"line":73,"column":69}},{"start":{"line":73,"column":72},"end":{"line":73,"column":91}}],"line":73},"9":{"loc":{"start":{"line":74,"column":20},"end":{"line":74,"column":141}},"type":"cond-expr","locations":[{"start":{"line":74,"column":52},"end":{"line":74,"column":90}},{"start":{"line":74,"column":93},"end":{"line":74,"column":141}}],"line":74},"10":{"loc":{"start":{"line":77,"column":87},"end":{"line":77,"column":143}},"type":"cond-expr","locations":[{"start":{"line":77,"column":119},"end":{"line":77,"column":128}},{"start":{"line":77,"column":131},"end":{"line":77,"column":143}}],"line":77},"11":{"loc":{"start":{"line":78,"column":113},"end":{"line":78,"column":157}},"type":"cond-expr","locations":[{"start":{"line":78,"column":145},"end":{"line":78,"column":150}},{"start":{"line":78,"column":153},"end":{"line":78,"column":157}}],"line":78},"12":{"loc":{"start":{"line":88,"column":21},"end":{"line":88,"column":88}},"type":"cond-expr","locations":[{"start":{"line":88,"column":53},"end":{"line":88,"column":66}},{"start":{"line":88,"column":69},"end":{"line":88,"column":88}}],"line":88},"13":{"loc":{"start":{"line":89,"column":20},"end":{"line":89,"column":162}},"type":"cond-expr","locations":[{"start":{"line":89,"column":52},"end":{"line":89,"column":109}},{"start":{"line":89,"column":112},"end":{"line":89,"column":162}}],"line":89},"14":{"loc":{"start":{"line":91,"column":87},"end":{"line":91,"column":130}},"type":"cond-expr","locations":[{"start":{"line":91,"column":119},"end":{"line":91,"column":123}},{"start":{"line":91,"column":126},"end":{"line":91,"column":130}}],"line":91},"15":{"loc":{"start":{"line":121,"column":33},"end":{"line":121,"column":108}},"type":"cond-expr","locations":[{"start":{"line":121,"column":65},"end":{"line":121,"column":80}},{"start":{"line":121,"column":83},"end":{"line":121,"column":108}}],"line":121},"16":{"loc":{"start":{"line":132,"column":29},"end":{"line":132,"column":79}},"type":"cond-expr","locations":[{"start":{"line":132,"column":61},"end":{"line":132,"column":68}},{"start":{"line":132,"column":71},"end":{"line":132,"column":79}}],"line":132},"17":{"loc":{"start":{"line":133,"column":73},"end":{"line":133,"column":130}},"type":"cond-expr","locations":[{"start":{"line":133,"column":105},"end":{"line":133,"column":114}},{"start":{"line":133,"column":117},"end":{"line":133,"column":130}}],"line":133}},"s":{"0":3,"1":11,"2":11,"3":11,"4":11,"5":11,"6":11,"7":15,"8":11,"9":11,"10":1,"11":10,"12":50,"13":10,"14":10,"15":6,"16":6,"17":6,"18":6,"19":6,"20":6,"21":6,"22":1,"23":1,"24":1,"25":5,"26":10,"27":6,"28":2,"29":4,"30":10,"31":1,"32":1,"33":1,"34":10},"f":{"0":11,"1":15,"2":50,"3":6,"4":6,"5":1},"b":{"0":[1,10],"1":[3,3],"2":[1,5],"3":[6,3],"4":[2,4],"5":[6,4],"6":[1,1],"7":[2,2],"8":[8,2],"9":[8,2],"10":[8,2],"11":[8,2],"12":[8,2],"13":[8,2],"14":[8,2],"15":[8,2],"16":[8,2],"17":[8,2]},"_coverageSchema":"1a1c01bbd47fc00a2c39e90264f33305004495a9","hash":"1ab6329258096e8a88c2ad19bebfaaafa79f9aa7"}
,"/Users/ravikumar/Documents/Development/ReactJS/shoping-cart/src/components/ProductListing.js": {"path":"/Users/ravikumar/Documents/Development/ReactJS/shoping-cart/src/components/ProductListing.js","statementMap":{"0":{"start":{"line":6,"column":23},"end":{"line":16,"column":1}},"1":{"start":{"line":8,"column":19},"end":{"line":8,"column":30}},"2":{"start":{"line":10,"column":4},"end":{"line":15,"column":5}}},"fnMap":{"0":{"name":"(anonymous_0)","decl":{"start":{"line":6,"column":23},"end":{"line":6,"column":24}},"loc":{"start":{"line":6,"column":29},"end":{"line":16,"column":1}},"line":6}},"branchMap":{},"s":{"0":2,"1":1,"2":1},"f":{"0":1},"b":{},"_coverageSchema":"1a1c01bbd47fc00a2c39e90264f33305004495a9","hash":"8e520f3a6758882859b90ff9fb1b5bd4d5875e8e"}
,"/Users/ravikumar/Documents/Development/ReactJS/shoping-cart/src/components/ProductListingBanner.js": {"path":"/Users/ravikumar/Documents/Development/ReactJS/shoping-cart/src/components/ProductListingBanner.js","statementMap":{"0":{"start":{"line":6,"column":29},"end":{"line":23,"column":1}},"1":{"start":{"line":7,"column":29},"end":{"line":7,"column":54}},"2":{"start":{"line":9,"column":4},"end":{"line":22,"column":5}}},"fnMap":{"0":{"name":"(anonymous_0)","decl":{"start":{"line":6,"column":29},"end":{"line":6,"column":30}},"loc":{"start":{"line":6,"column":45},"end":{"line":23,"column":1}},"line":6}},"branchMap":{"0":{"loc":{"start":{"line":15,"column":55},"end":{"line":15,"column":122}},"type":"cond-expr","locations":[{"start":{"line":15,"column":87},"end":{"line":15,"column":101}},{"start":{"line":15,"column":104},"end":{"line":15,"column":122}}],"line":15},"1":{"loc":{"start":{"line":16,"column":35},"end":{"line":16,"column":123}},"type":"cond-expr","locations":[{"start":{"line":16,"column":67},"end":{"line":16,"column":89}},{"start":{"line":16,"column":92},"end":{"line":16,"column":123}}],"line":16}},"s":{"0":3,"1":3,"2":3},"f":{"0":3},"b":{"0":[1,2],"1":[1,2]},"_coverageSchema":"1a1c01bbd47fc00a2c39e90264f33305004495a9","hash":"bf2fdccf4841a5b2f88f2148e5f1c0e149502766"}
,"/Users/ravikumar/Documents/Development/ReactJS/shoping-cart/src/components/WebFooter.js": {"path":"/Users/ravikumar/Documents/Development/ReactJS/shoping-cart/src/components/WebFooter.js","statementMap":{"0":{"start":{"line":2,"column":18},"end":{"line":62,"column":1}},"1":{"start":{"line":3,"column":4},"end":{"line":61,"column":5}}},"fnMap":{"0":{"name":"(anonymous_0)","decl":{"start":{"line":2,"column":18},"end":{"line":2,"column":19}},"loc":{"start":{"line":2,"column":24},"end":{"line":62,"column":1}},"line":2}},"branchMap":{},"s":{"0":2,"1":1},"f":{"0":1},"b":{},"_coverageSchema":"1a1c01bbd47fc00a2c39e90264f33305004495a9","hash":"343606213b7b8de0208d640dd6c85a6aa4f37e92"}
,"/Users/ravikumar/Documents/Development/ReactJS/shoping-cart/src/components/common/StickyHeader.js": {"path":"/Users/ravikumar/Documents/Development/ReactJS/shoping-cart/src/components/common/StickyHeader.js","statementMap":{"0":{"start":{"line":3,"column":28},"end":{"line":19,"column":1}},"1":{"start":{"line":21,"column":22},"end":{"line":25,"column":1}},"2":{"start":{"line":28,"column":29},"end":{"line":30,"column":1}},"3":{"start":{"line":33,"column":29},"end":{"line":35,"column":1}},"4":{"start":{"line":37,"column":24},"end":{"line":49,"column":1}}},"fnMap":{},"branchMap":{},"s":{"0":8,"1":8,"2":8,"3":8,"4":8},"f":{},"b":{},"_coverageSchema":"1a1c01bbd47fc00a2c39e90264f33305004495a9","hash":"2aef8b4eab827260bcf8b962e488b830fcd67361"}
,"/Users/ravikumar/Documents/Development/ReactJS/shoping-cart/src/context/Locale.js": {"path":"/Users/ravikumar/Documents/Development/ReactJS/shoping-cart/src/context/Locale.js","statementMap":{"0":{"start":{"line":5,"column":22},"end":{"line":5,"column":37}},"1":{"start":{"line":6,"column":30},"end":{"line":13,"column":1}},"2":{"start":{"line":7,"column":27},"end":{"line":7,"column":87}},"3":{"start":{"line":7,"column":48},"end":{"line":7,"column":86}},"4":{"start":{"line":8,"column":4},"end":{"line":12,"column":5}}},"fnMap":{"0":{"name":"(anonymous_0)","decl":{"start":{"line":6,"column":30},"end":{"line":6,"column":31}},"loc":{"start":{"line":6,"column":46},"end":{"line":13,"column":1}},"line":6},"1":{"name":"(anonymous_1)","decl":{"start":{"line":7,"column":39},"end":{"line":7,"column":40}},"loc":{"start":{"line":7,"column":48},"end":{"line":7,"column":86}},"line":7}},"branchMap":{},"s":{"0":9,"1":9,"2":2,"3":4,"4":2},"f":{"0":2,"1":4},"b":{},"_coverageSchema":"1a1c01bbd47fc00a2c39e90264f33305004495a9","hash":"0fc89f35df1e732af51b4dafbe4e4ceeb5305a51"}
,"/Users/ravikumar/Documents/Development/ReactJS/shoping-cart/src/reducers/categories.js": {"path":"/Users/ravikumar/Documents/Development/ReactJS/shoping-cart/src/reducers/categories.js","statementMap":{"0":{"start":{"line":5,"column":22},"end":{"line":5,"column":39}},"1":{"start":{"line":7,"column":26},"end":{"line":19,"column":1}},"2":{"start":{"line":9,"column":4},"end":{"line":18,"column":5}},"3":{"start":{"line":11,"column":12},"end":{"line":13,"column":13}},"4":{"start":{"line":16,"column":12},"end":{"line":16,"column":24}}},"fnMap":{"0":{"name":"(anonymous_0)","decl":{"start":{"line":7,"column":26},"end":{"line":7,"column":27}},"loc":{"start":{"line":7,"column":61},"end":{"line":19,"column":1}},"line":7}},"branchMap":{"0":{"loc":{"start":{"line":7,"column":27},"end":{"line":7,"column":48}},"type":"default-arg","locations":[{"start":{"line":7,"column":35},"end":{"line":7,"column":48}}],"line":7},"1":{"loc":{"start":{"line":9,"column":4},"end":{"line":18,"column":5}},"type":"switch","locations":[{"start":{"line":10,"column":8},"end":{"line":14,"column":9}},{"start":{"line":15,"column":8},"end":{"line":17,"column":9}}],"line":9}},"s":{"0":2,"1":2,"2":17,"3":1,"4":16},"f":{"0":17},"b":{"0":[8],"1":[1,16]},"_coverageSchema":"1a1c01bbd47fc00a2c39e90264f33305004495a9","hash":"5c761b46135b05f8c02331f48d382f853837b4b2"}
,"/Users/ravikumar/Documents/Development/ReactJS/shoping-cart/src/reducers/index.js": {"path":"/Users/ravikumar/Documents/Development/ReactJS/shoping-cart/src/reducers/index.js","statementMap":{},"fnMap":{},"branchMap":{},"s":{},"f":{},"b":{},"_coverageSchema":"1a1c01bbd47fc00a2c39e90264f33305004495a9","hash":"f6eb5efda522491f0f98d0c384a00d67c08c4830"}
,"/Users/ravikumar/Documents/Development/ReactJS/shoping-cart/src/reducers/products.js": {"path":"/Users/ravikumar/Documents/Development/ReactJS/shoping-cart/src/reducers/products.js","statementMap":{"0":{"start":{"line":2,"column":22},"end":{"line":4,"column":1}},"1":{"start":{"line":6,"column":23},"end":{"line":17,"column":1}},"2":{"start":{"line":7,"column":4},"end":{"line":16,"column":5}},"3":{"start":{"line":9,"column":12},"end":{"line":12,"column":16}},"4":{"start":{"line":14,"column":12},"end":{"line":14,"column":24}}},"fnMap":{"0":{"name":"(anonymous_0)","decl":{"start":{"line":6,"column":23},"end":{"line":6,"column":24}},"loc":{"start":{"line":6,"column":58},"end":{"line":17,"column":1}},"line":6}},"branchMap":{"0":{"loc":{"start":{"line":6,"column":24},"end":{"line":6,"column":45}},"type":"default-arg","locations":[{"start":{"line":6,"column":32},"end":{"line":6,"column":45}}],"line":6},"1":{"loc":{"start":{"line":7,"column":4},"end":{"line":16,"column":5}},"type":"switch","locations":[{"start":{"line":8,"column":8},"end":{"line":12,"column":16}},{"start":{"line":13,"column":8},"end":{"line":15,"column":9}}],"line":7}},"s":{"0":1,"1":1,"2":16,"3":1,"4":15},"f":{"0":16},"b":{"0":[8],"1":[1,15]},"_coverageSchema":"1a1c01bbd47fc00a2c39e90264f33305004495a9","hash":"177e705b9d66b422b7d522ce3dc91d14f45d293b"}
,"/Users/ravikumar/Documents/Development/ReactJS/shoping-cart/src/reducers/userPreferences.js": {"path":"/Users/ravikumar/Documents/Development/ReactJS/shoping-cart/src/reducers/userPreferences.js","statementMap":{"0":{"start":{"line":4,"column":22},"end":{"line":9,"column":1}},"1":{"start":{"line":11,"column":31},"end":{"line":46,"column":1}},"2":{"start":{"line":12,"column":4},"end":{"line":45,"column":5}},"3":{"start":{"line":14,"column":12},"end":{"line":17,"column":13}},"4":{"start":{"line":20,"column":12},"end":{"line":23,"column":13}},"5":{"start":{"line":26,"column":12},"end":{"line":29,"column":13}},"6":{"start":{"line":32,"column":12},"end":{"line":40,"column":14}},"7":{"start":{"line":35,"column":20},"end":{"line":37,"column":21}},"8":{"start":{"line":36,"column":24},"end":{"line":36,"column":36}},"9":{"start":{"line":38,"column":20},"end":{"line":38,"column":31}},"10":{"start":{"line":43,"column":12},"end":{"line":43,"column":24}}},"fnMap":{"0":{"name":"(anonymous_0)","decl":{"start":{"line":11,"column":31},"end":{"line":11,"column":32}},"loc":{"start":{"line":11,"column":66},"end":{"line":46,"column":1}},"line":11},"1":{"name":"(anonymous_1)","decl":{"start":{"line":34,"column":40},"end":{"line":34,"column":41}},"loc":{"start":{"line":34,"column":50},"end":{"line":39,"column":17}},"line":34}},"branchMap":{"0":{"loc":{"start":{"line":11,"column":32},"end":{"line":11,"column":53}},"type":"default-arg","locations":[{"start":{"line":11,"column":40},"end":{"line":11,"column":53}}],"line":11},"1":{"loc":{"start":{"line":12,"column":4},"end":{"line":45,"column":5}},"type":"switch","locations":[{"start":{"line":13,"column":8},"end":{"line":18,"column":9}},{"start":{"line":19,"column":8},"end":{"line":24,"column":9}},{"start":{"line":25,"column":8},"end":{"line":30,"column":9}},{"start":{"line":31,"column":8},"end":{"line":41,"column":9}},{"start":{"line":42,"column":8},"end":{"line":44,"column":9}}],"line":12},"2":{"loc":{"start":{"line":35,"column":20},"end":{"line":37,"column":21}},"type":"if","locations":[{"start":{"line":35,"column":20},"end":{"line":37,"column":21}},{"start":{},"end":{}}],"line":35},"3":{"loc":{"start":{"line":35,"column":23},"end":{"line":35,"column":153}},"type":"binary-expr","locations":[{"start":{"line":35,"column":23},"end":{"line":35,"column":85}},{"start":{"line":35,"column":89},"end":{"line":35,"column":153}}],"line":35}},"s":{"0":1,"1":1,"2":16,"3":1,"4":1,"5":3,"6":1,"7":2,"8":1,"9":1,"10":10},"f":{"0":16,"1":2},"b":{"0":[8],"1":[1,1,3,1,10],"2":[1,1],"3":[2,2]},"_coverageSchema":"1a1c01bbd47fc00a2c39e90264f33305004495a9","hash":"2197d22eb1ddb945130017df3d966b1c6f6361d2"}
,"/Users/ravikumar/Documents/Development/ReactJS/shoping-cart/src/sagas/categories.js": {"path":"/Users/ravikumar/Documents/Development/ReactJS/shoping-cart/src/sagas/categories.js","statementMap":{"0":{"start":{"line":6,"column":4},"end":{"line":13,"column":5}},"1":{"start":{"line":7,"column":23},"end":{"line":7,"column":52}},"2":{"start":{"line":8,"column":8},"end":{"line":10,"column":11}},"3":{"start":{"line":12,"column":8},"end":{"line":12,"column":49}},"4":{"start":{"line":17,"column":4},"end":{"line":17,"column":64}},"5":{"start":{"line":20,"column":24},"end":{"line":22,"column":1}}},"fnMap":{"0":{"name":"getCategories","decl":{"start":{"line":5,"column":10},"end":{"line":5,"column":23}},"loc":{"start":{"line":5,"column":25},"end":{"line":14,"column":1}},"line":5},"1":{"name":"watchGetCategoriesRequest","decl":{"start":{"line":16,"column":10},"end":{"line":16,"column":35}},"loc":{"start":{"line":16,"column":37},"end":{"line":18,"column":1}},"line":16}},"branchMap":{},"s":{"0":0,"1":0,"2":0,"3":0,"4":0,"5":0},"f":{"0":0,"1":0},"b":{}}
,"/Users/ravikumar/Documents/Development/ReactJS/shoping-cart/src/sagas/index.js": {"path":"/Users/ravikumar/Documents/Development/ReactJS/shoping-cart/src/sagas/index.js","statementMap":{"0":{"start":{"line":5,"column":4},"end":{"line":7,"column":6}}},"fnMap":{"0":{"name":"rootSaga","decl":{"start":{"line":4,"column":25},"end":{"line":4,"column":33}},"loc":{"start":{"line":4,"column":35},"end":{"line":8,"column":1}},"line":4}},"branchMap":{},"s":{"0":0},"f":{"0":0},"b":{}}
,"/Users/ravikumar/Documents/Development/ReactJS/shoping-cart/src/sagas/products.js": {"path":"/Users/ravikumar/Documents/Development/ReactJS/shoping-cart/src/sagas/products.js","statementMap":{"0":{"start":{"line":7,"column":4},"end":{"line":15,"column":5}},"1":{"start":{"line":8,"column":23},"end":{"line":8,"column":82}},"2":{"start":{"line":9,"column":8},"end":{"line":12,"column":11}},"3":{"start":{"line":14,"column":8},"end":{"line":14,"column":46}},"4":{"start":{"line":19,"column":4},"end":{"line":19,"column":75}},"5":{"start":{"line":22,"column":29},"end":{"line":24,"column":1}}},"fnMap":{"0":{"name":"getCategoryProduct","decl":{"start":{"line":6,"column":10},"end":{"line":6,"column":28}},"loc":{"start":{"line":6,"column":36},"end":{"line":16,"column":1}},"line":6},"1":{"name":"watchGetCategoryProductRequest","decl":{"start":{"line":18,"column":10},"end":{"line":18,"column":40}},"loc":{"start":{"line":18,"column":42},"end":{"line":20,"column":1}},"line":18}},"branchMap":{},"s":{"0":0,"1":0,"2":0,"3":0,"4":0,"5":0},"f":{"0":0,"1":0},"b":{}}
}
