TN:
SF:src/App.js
FN:16,App
FN:19,(anonymous_1)
FN:20,(anonymous_2)
FN:21,(anonymous_3)
FN:25,(anonymous_4)
FN:39,(anonymous_5)
FN:41,(anonymous_6)
FNF:7
FNH:6
FNDA:3,App
FNDA:4,(anonymous_1)
FNDA:4,(anonymous_2)
FNDA:1,(anonymous_3)
FNDA:1,(anonymous_4)
FNDA:1,(anonymous_5)
FNDA:0,(anonymous_6)
DA:18,3
DA:19,4
DA:20,4
DA:21,2
DA:22,1
DA:25,2
DA:26,1
DA:27,1
DA:28,20
DA:29,20
DA:36,2
DA:42,0
LF:12
LH:11
BRDA:26,0,0,1
BRDA:26,0,1,0
BRF:2
BRH:1
end_of_record
TN:
SF:src/index.js
FNF:0
FNH:0
DA:16,0
DA:17,0
DA:19,0
DA:20,0
DA:22,0
DA:24,0
DA:28,0
LF:7
LH:0
BRF:0
BRH:0
end_of_record
TN:
SF:src/webpack.config.js
FNF:0
FNH:0
LF:0
LH:0
BRF:0
BRH:0
end_of_record
TN:
SF:src/actions/actionTypes.js
FNF:0
FNH:0
DA:1,11
LF:1
LH:1
BRF:0
BRH:0
end_of_record
TN:
SF:src/actions/categories.js
FN:3,(anonymous_0)
FN:9,(anonymous_1)
FNF:2
FNH:1
FNDA:1,(anonymous_0)
FNDA:0,(anonymous_1)
DA:3,2
DA:4,1
DA:9,2
DA:10,0
LF:4
LH:3
BRF:0
BRH:0
end_of_record
TN:
SF:src/actions/products.js
FN:4,(anonymous_0)
FN:13,(anonymous_1)
FNF:2
FNH:1
FNDA:20,(anonymous_0)
FNDA:0,(anonymous_1)
DA:4,1
DA:5,20
DA:13,1
DA:14,0
LF:4
LH:3
BRF:0
BRH:0
end_of_record
TN:
SF:src/actions/userPreferences.js
FN:3,(anonymous_0)
FN:12,(anonymous_1)
FN:21,(anonymous_2)
FN:28,(anonymous_3)
FNF:4
FNH:4
FNDA:2,(anonymous_0)
FNDA:2,(anonymous_1)
FNDA:2,(anonymous_2)
FNDA:3,(anonymous_3)
DA:3,9
DA:4,2
DA:12,9
DA:13,2
DA:21,9
DA:22,2
DA:28,9
DA:29,3
LF:8
LH:8
BRF:0
BRH:0
end_of_record
TN:
SF:src/apis/categories.js
FN:3,(anonymous_0)
FNF:1
FNH:0
FNDA:0,(anonymous_0)
DA:3,0
DA:4,0
LF:2
LH:0
BRF:0
BRH:0
end_of_record
TN:
SF:src/apis/products.js
FN:3,(anonymous_0)
FNF:1
FNH:0
FNDA:0,(anonymous_0)
DA:3,0
DA:4,0
DA:5,0
LF:3
LH:0
BRF:0
BRH:0
end_of_record
TN:
SF:src/components/Cart.js
FN:5,(anonymous_0)
FN:7,(anonymous_1)
FN:8,(anonymous_2)
FN:9,(anonymous_3)
FNF:4
FNH:4
FNDA:1,(anonymous_0)
FNDA:2,(anonymous_1)
FNDA:1,(anonymous_2)
FNDA:2,(anonymous_3)
DA:5,2
DA:7,2
DA:8,1
DA:9,1
DA:10,2
DA:13,1
LF:6
LH:6
BRF:0
BRH:0
end_of_record
TN:
SF:src/components/Categories.js
FN:9,(anonymous_0)
FN:14,(anonymous_1)
FN:19,(anonymous_2)
FN:25,(anonymous_3)
FNF:4
FNH:4
FNDA:5,(anonymous_0)
FNDA:8,(anonymous_1)
FNDA:2,(anonymous_2)
FNDA:80,(anonymous_3)
DA:9,3
DA:11,5
DA:12,5
DA:14,8
DA:15,5
DA:16,1
DA:19,4
DA:20,2
DA:21,2
DA:22,2
DA:25,4
DA:26,80
DA:29,4
LF:13
LH:13
BRDA:15,0,0,1
BRDA:15,0,1,4
BRF:2
BRH:2
end_of_record
TN:
SF:src/components/Connect.js
FN:2,(anonymous_0)
FNF:1
FNH:1
FNDA:2,(anonymous_0)
DA:2,3
DA:3,2
LF:2
LH:2
BRF:0
BRH:0
end_of_record
TN:
SF:src/components/ErrorFallback.js
FN:4,(anonymous_0)
FNF:1
FNH:1
FNDA:2,(anonymous_0)
DA:4,1
DA:5,2
LF:2
LH:2
BRF:0
BRH:0
end_of_record
TN:
SF:src/components/FeaturedCategoryProducts.js
FN:4,(anonymous_0)
FN:6,(anonymous_1)
FN:7,(anonymous_2)
FN:14,(anonymous_3)
FNF:4
FNH:4
FNDA:3,(anonymous_0)
FNDA:6,(anonymous_1)
FNDA:6,(anonymous_2)
FNDA:4,(anonymous_3)
DA:4,3
DA:6,6
DA:7,6
DA:8,3
DA:9,1
DA:12,2
DA:13,2
DA:14,2
DA:15,4
DA:17,2
LF:10
LH:10
BRDA:8,0,0,1
BRDA:8,0,1,2
BRDA:12,1,0,1
BRDA:12,1,1,1
BRF:4
BRH:4
end_of_record
TN:
SF:src/components/FeaturedProduct.js
FN:10,(anonymous_0)
FN:15,(anonymous_1)
FN:16,(anonymous_2)
FN:22,(anonymous_3)
FN:35,(anonymous_4)
FN:36,(anonymous_5)
FN:49,(anonymous_6)
FNF:7
FNH:7
FNDA:7,(anonymous_0)
FNDA:14,(anonymous_1)
FNDA:14,(anonymous_2)
FNDA:2,(anonymous_3)
FNDA:15,(anonymous_4)
FNDA:26,(anonymous_5)
FNDA:13,(anonymous_6)
DA:10,5
DA:12,7
DA:13,7
DA:14,7
DA:15,14
DA:16,14
DA:18,7
DA:19,1
DA:22,6
DA:23,2
DA:25,2
DA:26,2
DA:27,2
DA:28,1
DA:30,1
DA:35,6
DA:36,15
DA:37,26
DA:38,6
DA:40,20
DA:42,15
DA:45,6
DA:46,6
DA:47,1
DA:49,5
DA:50,13
DA:80,5
LF:27
LH:27
BRDA:18,0,0,1
BRDA:18,0,1,6
BRDA:27,1,0,1
BRDA:27,1,1,1
BRDA:37,2,0,6
BRDA:37,2,1,20
BRDA:37,3,0,26
BRDA:37,3,1,7
BRDA:46,4,0,1
BRDA:46,4,1,5
BRDA:58,5,0,5
BRDA:58,5,1,8
BRDA:86,6,0,1
BRDA:86,6,1,4
BRDA:87,7,0,1
BRDA:87,7,1,4
BRF:16
BRH:16
end_of_record
TN:
SF:src/components/Header.js
FN:15,(anonymous_0)
FN:20,(anonymous_1)
FN:21,(anonymous_2)
FN:26,(anonymous_3)
FN:30,(anonymous_4)
FN:36,(anonymous_5)
FN:44,(anonymous_6)
FN:45,(anonymous_7)
FN:52,(anonymous_8)
FNF:9
FNH:9
FNDA:9,(anonymous_0)
FNDA:11,(anonymous_1)
FNDA:11,(anonymous_2)
FNDA:24,(anonymous_3)
FNDA:2,(anonymous_4)
FNDA:3,(anonymous_5)
FNDA:4,(anonymous_6)
FNDA:4,(anonymous_7)
FNDA:1,(anonymous_8)
DA:15,2
DA:17,9
DA:20,11
DA:21,11
DA:22,8
DA:23,8
DA:24,8
DA:25,8
DA:26,8
DA:27,24
DA:30,8
DA:31,2
DA:32,2
DA:33,2
DA:36,8
DA:37,3
DA:38,2
DA:40,1
DA:44,8
DA:45,4
DA:46,4
DA:48,4
DA:52,8
DA:53,1
DA:56,8
LF:25
LH:25
BRDA:25,0,0,6
BRDA:25,0,1,2
BRDA:32,1,0,1
BRDA:32,1,1,1
BRDA:37,2,0,2
BRDA:37,2,1,1
BRDA:45,3,0,0
BRDA:53,4,0,1
BRDA:53,4,1,0
BRDA:62,5,0,4
BRDA:62,5,1,4
BRDA:64,6,0,4
BRDA:64,6,1,4
BRDA:84,7,0,4
BRDA:84,7,1,4
BRF:15
BRH:13
end_of_record
TN:
SF:src/components/Home.js
FN:9,(anonymous_0)
FN:11,(anonymous_1)
FNF:2
FNH:2
FNDA:2,(anonymous_0)
FNDA:4,(anonymous_1)
DA:9,2
DA:11,4
DA:12,2
DA:13,1
DA:15,1
LF:5
LH:5
BRDA:12,0,0,1
BRDA:12,0,1,1
BRF:2
BRH:2
end_of_record
TN:
SF:src/components/Item.js
FNF:0
FNH:0
LF:0
LH:0
BRF:0
BRH:0
end_of_record
TN:
SF:src/components/ProductDetail.js
FN:7,(anonymous_0)
FN:16,(anonymous_1)
FN:24,(anonymous_2)
FN:31,(anonymous_3)
FN:52,(anonymous_4)
FN:60,(anonymous_5)
FNF:6
FNH:6
FNDA:11,(anonymous_0)
FNDA:15,(anonymous_1)
FNDA:50,(anonymous_2)
FNDA:6,(anonymous_3)
FNDA:6,(anonymous_4)
FNDA:1,(anonymous_5)
DA:7,3
DA:9,11
DA:10,11
DA:11,11
DA:13,11
DA:14,11
DA:16,15
DA:17,11
DA:20,11
DA:21,1
DA:24,10
DA:25,50
DA:27,10
DA:31,10
DA:32,6
DA:34,6
DA:36,6
DA:38,6
DA:39,6
DA:41,6
DA:43,6
DA:44,1
DA:45,1
DA:46,1
DA:48,5
DA:52,10
DA:53,6
DA:54,2
DA:56,4
DA:60,10
DA:61,1
DA:62,1
DA:63,1
DA:66,10
LF:34
LH:34
BRDA:20,0,0,1
BRDA:20,0,1,10
BRDA:36,1,0,3
BRDA:36,1,1,3
BRDA:43,2,0,1
BRDA:43,2,1,5
BRDA:43,3,0,6
BRDA:43,3,1,3
BRDA:53,4,0,2
BRDA:53,4,1,4
BRDA:53,5,0,6
BRDA:53,5,1,4
BRDA:54,6,0,1
BRDA:54,6,1,1
BRDA:56,7,0,2
BRDA:56,7,1,2
BRDA:73,8,0,8
BRDA:73,8,1,2
BRDA:74,9,0,8
BRDA:74,9,1,2
BRDA:77,10,0,8
BRDA:77,10,1,2
BRDA:78,11,0,8
BRDA:78,11,1,2
BRDA:88,12,0,8
BRDA:88,12,1,2
BRDA:89,13,0,8
BRDA:89,13,1,2
BRDA:91,14,0,8
BRDA:91,14,1,2
BRDA:121,15,0,8
BRDA:121,15,1,2
BRDA:132,16,0,8
BRDA:132,16,1,2
BRDA:133,17,0,8
BRDA:133,17,1,2
BRF:36
BRH:36
end_of_record
TN:
SF:src/components/ProductListing.js
FN:6,(anonymous_0)
FNF:1
FNH:1
FNDA:1,(anonymous_0)
DA:6,2
DA:8,1
DA:10,1
LF:3
LH:3
BRF:0
BRH:0
end_of_record
TN:
SF:src/components/ProductListingBanner.js
FN:6,(anonymous_0)
FNF:1
FNH:1
FNDA:3,(anonymous_0)
DA:6,3
DA:7,3
DA:9,3
LF:3
LH:3
BRDA:15,0,0,1
BRDA:15,0,1,2
BRDA:16,1,0,1
BRDA:16,1,1,2
BRF:4
BRH:4
end_of_record
TN:
SF:src/components/WebFooter.js
FN:2,(anonymous_0)
FNF:1
FNH:1
FNDA:1,(anonymous_0)
DA:2,2
DA:3,1
LF:2
LH:2
BRF:0
BRH:0
end_of_record
TN:
SF:src/components/common/StickyHeader.js
FNF:0
FNH:0
DA:3,8
DA:21,8
DA:28,8
DA:33,8
DA:37,8
LF:5
LH:5
BRF:0
BRH:0
end_of_record
TN:
SF:src/context/Locale.js
FN:6,(anonymous_0)
FN:7,(anonymous_1)
FNF:2
FNH:2
FNDA:2,(anonymous_0)
FNDA:4,(anonymous_1)
DA:5,9
DA:6,9
DA:7,4
DA:8,2
LF:4
LH:4
BRF:0
BRH:0
end_of_record
TN:
SF:src/reducers/categories.js
FN:7,(anonymous_0)
FNF:1
FNH:1
FNDA:17,(anonymous_0)
DA:5,2
DA:7,2
DA:9,17
DA:11,1
DA:16,16
LF:5
LH:5
BRDA:7,0,0,8
BRDA:9,1,0,1
BRDA:9,1,1,16
BRF:3
BRH:3
end_of_record
TN:
SF:src/reducers/index.js
FNF:0
FNH:0
LF:0
LH:0
BRF:0
BRH:0
end_of_record
TN:
SF:src/reducers/products.js
FN:6,(anonymous_0)
FNF:1
FNH:1
FNDA:16,(anonymous_0)
DA:2,1
DA:6,1
DA:7,16
DA:9,1
DA:14,15
LF:5
LH:5
BRDA:6,0,0,8
BRDA:7,1,0,1
BRDA:7,1,1,15
BRF:3
BRH:3
end_of_record
TN:
SF:src/reducers/userPreferences.js
FN:11,(anonymous_0)
FN:34,(anonymous_1)
FNF:2
FNH:2
FNDA:16,(anonymous_0)
FNDA:2,(anonymous_1)
DA:4,1
DA:11,1
DA:12,16
DA:14,1
DA:20,1
DA:26,3
DA:32,1
DA:35,2
DA:36,1
DA:38,1
DA:43,10
LF:11
LH:11
BRDA:11,0,0,8
BRDA:12,1,0,1
BRDA:12,1,1,1
BRDA:12,1,2,3
BRDA:12,1,3,1
BRDA:12,1,4,10
BRDA:35,2,0,1
BRDA:35,2,1,1
BRDA:35,3,0,2
BRDA:35,3,1,2
BRF:10
BRH:10
end_of_record
TN:
SF:src/sagas/categories.js
FN:5,getCategories
FN:16,watchGetCategoriesRequest
FNF:2
FNH:0
FNDA:0,getCategories
FNDA:0,watchGetCategoriesRequest
DA:6,0
DA:7,0
DA:8,0
DA:12,0
DA:17,0
DA:20,0
LF:6
LH:0
BRF:0
BRH:0
end_of_record
TN:
SF:src/sagas/index.js
FN:4,rootSaga
FNF:1
FNH:0
FNDA:0,rootSaga
DA:5,0
LF:1
LH:0
BRF:0
BRH:0
end_of_record
TN:
SF:src/sagas/products.js
FN:6,getCategoryProduct
FN:18,watchGetCategoryProductRequest
FNF:2
FNH:0
FNDA:0,getCategoryProduct
FNDA:0,watchGetCategoryProductRequest
DA:7,0
DA:8,0
DA:9,0
DA:14,0
DA:19,0
DA:22,0
LF:6
LH:0
BRF:0
BRH:0
end_of_record
